# JRE version: OpenJDK Runtime Environment (8.0_242-b01) (build 1.8.0_242-release-1644-b01)
# Java VM: OpenJDK 64-Bit Server VM (25.242-b01 mixed mode windows-amd64 compressed oops)
Heap:
 PSYoungGen      total 345088K, used 269786K [0x00000000d5580000, 0x00000000f3d00000, 0x0000000100000000)
  eden space 324096K, 83% used [0x00000000d5580000,0x00000000e5d22680,0x00000000e9200000)
  from space 20992K, 0% used [0x00000000e9200000,0x00000000e9200000,0x00000000ea680000)
  to   space 27136K, 0% used [0x00000000f2280000,0x00000000f2280000,0x00000000f3d00000)
 ParOldGen       total 174080K, used 38914K [0x0000000080000000, 0x000000008aa00000, 0x00000000d5580000)
  object space 174080K, 22% used [0x0000000080000000,0x0000000082600870,0x000000008aa00000)
 Metaspace       used 67708K, capacity 71424K, committed 71512K, reserved 1110016K
  class space    used 9359K, capacity 10079K, committed 10112K, reserved 1048576K
GC Heap History (10 events):
Event: 3.458 GC heap before
{Heap before GC invocations=6 (full 1):
 PSYoungGen      total 212992K, used 47318K [0x00000000d5580000, 0x00000000e6a80000, 0x0000000100000000)
  eden space 202240K, 18% used [0x00000000d5580000,0x00000000d79382d0,0x00000000e1b00000)
  from space 10752K, 99% used [0x00000000e6000000,0x00000000e6a7d620,0x00000000e6a80000)
  to   space 10752K, 0% used [0x00000000e5580000,0x00000000e5580000,0x00000000e6000000)
 ParOldGen       total 109568K, used 15679K [0x0000000080000000, 0x0000000086b00000, 0x00000000d5580000)
  object space 109568K, 14% used [0x0000000080000000,0x0000000080f4fd48,0x0000000086b00000)
 Metaspace       used 34261K, capacity 35392K, committed 35416K, reserved 1079296K
  class space    used 4713K, capacity 4973K, committed 4992K, reserved 1048576K
Event: 3.464 GC heap after
Heap after GC invocations=6 (full 1):
 PSYoungGen      total 272896K, used 8822K [0x00000000d5580000, 0x00000000eb680000, 0x0000000100000000)
  eden space 262144K, 0% used [0x00000000d5580000,0x00000000d5580000,0x00000000e5580000)
  from space 10752K, 82% used [0x00000000e5580000,0x00000000e5e1db48,0x00000000e6000000)
  to   space 16384K, 0% used [0x00000000ea680000,0x00000000ea680000,0x00000000eb680000)
 ParOldGen       total 109568K, used 15687K [0x0000000080000000, 0x0000000086b00000, 0x00000000d5580000)
  object space 109568K, 14% used [0x0000000080000000,0x0000000080f51d48,0x0000000086b00000)
 Metaspace       used 34261K, capacity 35392K, committed 35416K, reserved 1079296K
  class space    used 4713K, capacity 4973K, committed 4992K, reserved 1048576K
}
Event: 3.464 GC heap before
{Heap before GC invocations=7 (full 2):
 PSYoungGen      total 272896K, used 8822K [0x00000000d5580000, 0x00000000eb680000, 0x0000000100000000)
  eden space 262144K, 0% used [0x00000000d5580000,0x00000000d5580000,0x00000000e5580000)
  from space 10752K, 82% used [0x00000000e5580000,0x00000000e5e1db48,0x00000000e6000000)
  to   space 16384K, 0% used [0x00000000ea680000,0x00000000ea680000,0x00000000eb680000)
 ParOldGen       total 109568K, used 15687K [0x0000000080000000, 0x0000000086b00000, 0x00000000d5580000)
  object space 109568K, 14% used [0x0000000080000000,0x0000000080f51d48,0x0000000086b00000)
 Metaspace       used 34261K, capacity 35392K, committed 35416K, reserved 1079296K
  class space    used 4713K, capacity 4973K, committed 4992K, reserved 1048576K
Event: 3.508 GC heap after
Heap after GC invocations=7 (full 2):
 PSYoungGen      total 272896K, used 0K [0x00000000d5580000, 0x00000000eb680000, 0x0000000100000000)
  eden space 262144K, 0% used [0x00000000d5580000,0x00000000d5580000,0x00000000e5580000)
  from space 10752K, 0% used [0x00000000e5580000,0x00000000e5580000,0x00000000e6000000)
  to   space 16384K, 0% used [0x00000000ea680000,0x00000000ea680000,0x00000000eb680000)
 ParOldGen       total 174080K, used 15388K [0x0000000080000000, 0x000000008aa00000, 0x00000000d5580000)
  object space 174080K, 8% used [0x0000000080000000,0x0000000080f07120,0x000000008aa00000)
 Metaspace       used 34261K, capacity 35392K, committed 35416K, reserved 1079296K
  class space    used 4713K, capacity 4973K, committed 4992K, reserved 1048576K
}
Event: 4.613 GC heap before
{Heap before GC invocations=8 (full 2):
 PSYoungGen      total 272896K, used 262144K [0x00000000d5580000, 0x00000000eb680000, 0x0000000100000000)
  eden space 262144K, 100% used [0x00000000d5580000,0x00000000e5580000,0x00000000e5580000)
  from space 10752K, 0% used [0x00000000e5580000,0x00000000e5580000,0x00000000e6000000)
  to   space 16384K, 0% used [0x00000000ea680000,0x00000000ea680000,0x00000000eb680000)
 ParOldGen       total 174080K, used 15388K [0x0000000080000000, 0x000000008aa00000, 0x00000000d5580000)
  object space 174080K, 8% used [0x0000000080000000,0x0000000080f07120,0x000000008aa00000)
 Metaspace       used 46557K, capacity 48570K, committed 48728K, reserved 1091584K
  class space    used 6304K, capacity 6691K, committed 6784K, reserved 1048576K
Event: 4.625 GC heap after
Heap after GC invocations=8 (full 2):
 PSYoungGen      total 340480K, used 16379K [0x00000000d5580000, 0x00000000edc00000, 0x0000000100000000)
  eden space 324096K, 0% used [0x00000000d5580000,0x00000000d5580000,0x00000000e9200000)
  from space 16384K, 99% used [0x00000000ea680000,0x00000000eb67eff8,0x00000000eb680000)
  to   space 20992K, 0% used [0x00000000e9200000,0x00000000e9200000,0x00000000ea680000)
 ParOldGen       total 174080K, used 19227K [0x0000000080000000, 0x000000008aa00000, 0x00000000d5580000)
  object space 174080K, 11% used [0x0000000080000000,0x00000000812c6d80,0x000000008aa00000)
 Metaspace       used 46557K, capacity 48570K, committed 48728K, reserved 1091584K
  class space    used 6304K, capacity 6691K, committed 6784K, reserved 1048576K
}
Event: 5.382 GC heap before
{Heap before GC invocations=9 (full 2):
 PSYoungGen      total 340480K, used 144152K [0x00000000d5580000, 0x00000000edc00000, 0x0000000100000000)
  eden space 324096K, 39% used [0x00000000d5580000,0x00000000dd247200,0x00000000e9200000)
  from space 16384K, 99% used [0x00000000ea680000,0x00000000eb67eff8,0x00000000eb680000)
  to   space 20992K, 0% used [0x00000000e9200000,0x00000000e9200000,0x00000000ea680000)
 ParOldGen       total 174080K, used 19227K [0x0000000080000000, 0x000000008aa00000, 0x00000000d5580000)
  object space 174080K, 11% used [0x0000000080000000,0x00000000812c6d80,0x000000008aa00000)
 Metaspace       used 56547K, capacity 59000K, committed 59028K, reserved 1099776K
  class space    used 7663K, capacity 8181K, committed 8192K, reserved 1048576K
Event: 5.396 GC heap after
Heap after GC invocations=9 (full 2):
 PSYoungGen      total 345088K, used 20975K [0x00000000d5580000, 0x00000000f3d00000, 0x0000000100000000)
  eden space 324096K, 0% used [0x00000000d5580000,0x00000000d5580000,0x00000000e9200000)
  from space 20992K, 99% used [0x00000000e9200000,0x00000000ea67bf68,0x00000000ea680000)
  to   space 27136K, 0% used [0x00000000f2280000,0x00000000f2280000,0x00000000f3d00000)
 ParOldGen       total 174080K, used 24631K [0x0000000080000000, 0x000000008aa00000, 0x00000000d5580000)
  object space 174080K, 14% used [0x0000000080000000,0x000000008180ddc8,0x000000008aa00000)
 Metaspace       used 56547K, capacity 59000K, committed 59028K, reserved 1099776K
  class space    used 7663K, capacity 8181K, committed 8192K, reserved 1048576K
}
Event: 5.396 GC heap before
{Heap before GC invocations=10 (full 3):
 PSYoungGen      total 345088K, used 20975K [0x00000000d5580000, 0x00000000f3d00000, 0x0000000100000000)
  eden space 324096K, 0% used [0x00000000d5580000,0x00000000d5580000,0x00000000e9200000)
  from space 20992K, 99% used [0x00000000e9200000,0x00000000ea67bf68,0x00000000ea680000)
  to   space 27136K, 0% used [0x00000000f2280000,0x00000000f2280000,0x00000000f3d00000)
 ParOldGen       total 174080K, used 24631K [0x0000000080000000, 0x000000008aa00000, 0x00000000d5580000)
  object space 174080K, 14% used [0x0000000080000000,0x000000008180ddc8,0x000000008aa00000)
 Metaspace       used 56547K, capacity 59000K, committed 59028K, reserved 1099776K
  class space    used 7663K, capacity 8181K, committed 8192K, reserved 1048576K
Event: 5.533 GC heap after
Heap after GC invocations=10 (full 3):
 PSYoungGen      total 345088K, used 0K [0x00000000d5580000, 0x00000000f3d00000, 0x0000000100000000)
  eden space 324096K, 0% used [0x00000000d5580000,0x00000000d5580000,0x00000000e9200000)
  from space 20992K, 0% used [0x00000000e9200000,0x00000000e9200000,0x00000000ea680000)
  to   space 27136K, 0% used [0x00000000f2280000,0x00000000f2280000,0x00000000f3d00000)
 ParOldGen       total 174080K, used 38914K [0x0000000080000000, 0x000000008aa00000, 0x00000000d5580000)
  object space 174080K, 22% used [0x0000000080000000,0x0000000082600870,0x000000008aa00000)
 Metaspace       used 56469K, capacity 58736K, committed 59028K, reserved 1099776K
  class space    used 7638K, capacity 8137K, committed 8192K, reserved 1048576K
}

